{"devicePlatform":"","logFolder":"C:\\Users\\chengx\\Katalon Studio\\gaoyou\\Reports\\New Test Suite\\20180507_145709","runData":{"hostName":"chengx - DESKTOP-NGDSH7O","os":"Windows 10 64bit","katalonVersion":"5.3.1.1","browser":"Chrome 66.0.3359.117","hostAddress":"10.17.11.225","sessionId":"d06bfbcfc8f26da4fd4e89881e036164","seleniumVersion":"3.7.1","proxyInformation":"ProxyInformation{proxyOption\u003dNO_PROXY, proxyServerType\u003dHTTP, password\u003d, proxyServerAddress\u003d, proxyServerPort\u003d0}","platform":"Windows 10"},"type":"TEST_SUITE","name":"New Test Suite","id":"Test Suites/New Test Suite","source":"","message":"Test Cases/loginTest FAILED because (of) Verify element text of test object \u0027Object Repository/LoginPage/message\u0027 FAILED. (Root cause: Actual text \u0027请输入账户名\u0027 and expected text \u0027\u0027 of test object \u0027Object Repository/LoginPage/message\u0027 are NOT matched.)","description":"","startTime":1525676231591,"endTime":1525676313745,"childRecords":[{"isOptional":false,"type":"TEST_CASE","name":"Test Cases/loginTest","id":"Test Cases/loginTest","source":"C:\\\\Users\\\\chengx\\\\Katalon Studio\\\\gaoyou\\\\Test Cases\\\\loginTest.tc","message":"Test Cases/loginTest FAILED because (of) Verify element text of test object \u0027Object Repository/LoginPage/message\u0027 FAILED. (Root cause: Actual text \u0027请输入账户名\u0027 and expected text \u0027\u0027 of test object \u0027Object Repository/LoginPage/message\u0027 are NOT matched.)","description":"","startTime":1525676232223,"endTime":1525676238707,"childRecords":[{"testStatus":{"stackTrace":"","statusValue":"INFO"},"type":"MESSAGE","name":"","message":"Evaluating variables for test case","startTime":1525676232256,"endTime":0,"childRecords":[],"interuppted":false},{"testStatus":{"stackTrace":"","statusValue":"INFO"},"type":"MESSAGE","name":"","message":"Variable \u0027username\u0027 is set to ","startTime":1525676232259,"endTime":0,"childRecords":[],"interuppted":false},{"testStatus":{"stackTrace":"","statusValue":"INFO"},"type":"MESSAGE","name":"","message":"Variable \u0027password\u0027 is set to ","startTime":1525676232260,"endTime":0,"childRecords":[],"interuppted":false},{"testStatus":{"stackTrace":"","statusValue":"INFO"},"type":"MESSAGE","name":"","message":"Variable \u0027message\u0027 is set to ","startTime":1525676232262,"endTime":0,"childRecords":[],"interuppted":false},{"index":1,"isIgnoredIfFailed":false,"type":"TEST_STEP","name":"openBrowser","message":"Browser is opened with url: \u0027http://10.17.5.113/#/login?redirect\u003d%2Fcontroller\u0027","description":"","startTime":1525676232557,"endTime":1525676236839,"childRecords":[{"testStatus":{"stackTrace":"","statusValue":"PASSED"},"type":"MESSAGE","name":"","message":"Browser is opened with url: \u0027http://10.17.5.113/#/login?redirect\u003d%2Fcontroller\u0027","startTime":1525676236838,"endTime":0,"childRecords":[],"interuppted":false}],"interuppted":false},{"index":2,"isIgnoredIfFailed":false,"type":"TEST_STEP","name":"setText","message":"Text \u0027\u0027 is set on object \u0027Object Repository/LoginPage/user\u0027","description":"","startTime":1525676236839,"endTime":1525676237260,"childRecords":[{"testStatus":{"stackTrace":"","statusValue":"PASSED"},"type":"MESSAGE","name":"","message":"Text \u0027\u0027 is set on object \u0027Object Repository/LoginPage/user\u0027","startTime":1525676237259,"endTime":0,"childRecords":[],"interuppted":false}],"interuppted":false},{"index":3,"isIgnoredIfFailed":false,"type":"TEST_STEP","name":"setText","message":"Text \u0027\u0027 is set on object \u0027Object Repository/LoginPage/pwd\u0027","description":"","startTime":1525676237260,"endTime":1525676237478,"childRecords":[{"testStatus":{"stackTrace":"","statusValue":"PASSED"},"type":"MESSAGE","name":"","message":"Text \u0027\u0027 is set on object \u0027Object Repository/LoginPage/pwd\u0027","startTime":1525676237477,"endTime":0,"childRecords":[],"interuppted":false}],"interuppted":false},{"index":4,"isIgnoredIfFailed":false,"type":"TEST_STEP","name":"click","message":"Object: \u0027Object Repository/LoginPage/button\u0027 is clicked on","description":"","startTime":1525676237478,"endTime":1525676237961,"childRecords":[{"testStatus":{"stackTrace":"","statusValue":"PASSED"},"type":"MESSAGE","name":"","message":"Object: \u0027Object Repository/LoginPage/button\u0027 is clicked on","startTime":1525676237961,"endTime":0,"childRecords":[],"interuppted":false}],"interuppted":false},{"attachment":"1525676238391.png","index":5,"isIgnoredIfFailed":false,"type":"TEST_STEP","name":"verifyElementText","message":"Verify element text of test object \u0027Object Repository/LoginPage/message\u0027 FAILED. (Root cause: Actual text \u0027请输入账户名\u0027 and expected text \u0027\u0027 of test object \u0027Object Repository/LoginPage/message\u0027 are NOT matched.)","description":"","startTime":1525676237962,"endTime":1525676238694,"childRecords":[{"testStatus":{"stackTrace":"","statusValue":"FAILED"},"attachment":"1525676238039.png","type":"MESSAGE","name":"","message":"Actual text \u0027请输入账户名\u0027 and expected text \u0027\u0027 of test object \u0027Object Repository/LoginPage/message\u0027 are NOT matched.","startTime":1525676238390,"endTime":0,"childRecords":[],"interuppted":false},{"testStatus":{"stackTrace":"","statusValue":"FAILED"},"attachment":"1525676238391.png","type":"MESSAGE","name":"","message":"Verify element text of test object \u0027Object Repository/LoginPage/message\u0027 FAILED. (Root cause: Actual text \u0027请输入账户名\u0027 and expected text \u0027\u0027 of test object \u0027Object Repository/LoginPage/message\u0027 are NOT matched.)","startTime":1525676238693,"endTime":0,"childRecords":[],"interuppted":false}],"interuppted":false},{"testStatus":{"stackTrace":"","statusValue":"FAILED"},"type":"MESSAGE","name":"","message":"Test Cases/loginTest FAILED because (of) Verify element text of test object \u0027Object Repository/LoginPage/message\u0027 FAILED. (Root cause: Actual text \u0027请输入账户名\u0027 and expected text \u0027\u0027 of test object \u0027Object Repository/LoginPage/message\u0027 are NOT matched.)","startTime":1525676238694,"endTime":0,"childRecords":[],"interuppted":false},{"index":-1,"isIgnoredIfFailed":false,"type":"TEST_STEP","name":"Start listener action : sampleAfterTestCase","message":"Invoke \u0027com.kms.katalon.core.annotation.AfterTestCase\u0027 method: \u0027NewTestListener.sampleAfterTestCase(...)\u0027 completed.","description":"","startTime":1525676238695,"endTime":1525676238707,"childRecords":[{"index":1,"isIgnoredIfFailed":false,"type":"TEST_STEP","name":"Statement - println(testCaseContext.getTestCaseId())","description":"","startTime":1525676238699,"endTime":1525676238705,"childRecords":[],"interuppted":false},{"index":2,"isIgnoredIfFailed":false,"type":"TEST_STEP","name":"Statement - println(testCaseContext.getTestCaseStatus())","message":"Invoke \u0027com.kms.katalon.core.annotation.AfterTestCase\u0027 method: \u0027NewTestListener.sampleAfterTestCase(...)\u0027 completed.","description":"","startTime":1525676238706,"endTime":1525676238707,"childRecords":[],"interuppted":false}],"interuppted":false}],"interuppted":false},{"isOptional":false,"type":"TEST_CASE","name":"Test Cases/loginTest","id":"Test Cases/loginTest","source":"C:\\\\Users\\\\chengx\\\\Katalon Studio\\\\gaoyou\\\\Test Cases\\\\loginTest.tc","message":"Test Cases/loginTest FAILED because (of) Verify element text of test object \u0027Object Repository/LoginPage/message\u0027 FAILED. (Root cause: com.kms.katalon.core.webui.exception.WebElementNotFoundException: Web element with id: \u0027Object Repository/LoginPage/message\u0027 located by \u0027By.xpath: //div[@class\u003d\"form-detail\"]/span[2]\u0027 not found)","description":"","startTime":1525676238710,"endTime":1525676275503,"childRecords":[{"testStatus":{"stackTrace":"","statusValue":"INFO"},"type":"MESSAGE","name":"","message":"Evaluating variables for test case","startTime":1525676238715,"endTime":0,"childRecords":[],"interuppted":false},{"testStatus":{"stackTrace":"","statusValue":"INFO"},"type":"MESSAGE","name":"","message":"Variable \u0027username\u0027 is set to admin","startTime":1525676238715,"endTime":0,"childRecords":[],"interuppted":false},{"testStatus":{"stackTrace":"","statusValue":"INFO"},"type":"MESSAGE","name":"","message":"Variable \u0027password\u0027 is set to 1234","startTime":1525676238715,"endTime":0,"childRecords":[],"interuppted":false},{"testStatus":{"stackTrace":"","statusValue":"INFO"},"type":"MESSAGE","name":"","message":"Variable \u0027message\u0027 is set to 密码不少于6位","startTime":1525676238715,"endTime":0,"childRecords":[],"interuppted":false},{"index":1,"isIgnoredIfFailed":false,"type":"TEST_STEP","name":"openBrowser","message":"Browser is opened with url: \u0027http://10.17.5.113/#/login?redirect\u003d%2Fcontroller\u0027","description":"","startTime":1525676238723,"endTime":1525676243598,"childRecords":[{"testStatus":{"stackTrace":"","statusValue":"WARNING"},"type":"MESSAGE","name":"","message":"A browser is already opened. Closing browser and opening a new one","startTime":1525676238729,"endTime":0,"childRecords":[],"interuppted":false},{"testStatus":{"stackTrace":"","statusValue":"PASSED"},"type":"MESSAGE","name":"","message":"Browser is opened with url: \u0027http://10.17.5.113/#/login?redirect\u003d%2Fcontroller\u0027","startTime":1525676243597,"endTime":0,"childRecords":[],"interuppted":false}],"interuppted":false},{"index":2,"isIgnoredIfFailed":false,"type":"TEST_STEP","name":"setText","message":"Text \u0027admin\u0027 is set on object \u0027Object Repository/LoginPage/user\u0027","description":"","startTime":1525676243598,"endTime":1525676243813,"childRecords":[{"testStatus":{"stackTrace":"","statusValue":"PASSED"},"type":"MESSAGE","name":"","message":"Text \u0027admin\u0027 is set on object \u0027Object Repository/LoginPage/user\u0027","startTime":1525676243812,"endTime":0,"childRecords":[],"interuppted":false}],"interuppted":false},{"index":3,"isIgnoredIfFailed":false,"type":"TEST_STEP","name":"setText","message":"Text \u00271234\u0027 is set on object \u0027Object Repository/LoginPage/pwd\u0027","description":"","startTime":1525676243813,"endTime":1525676243956,"childRecords":[{"testStatus":{"stackTrace":"","statusValue":"PASSED"},"type":"MESSAGE","name":"","message":"Text \u00271234\u0027 is set on object \u0027Object Repository/LoginPage/pwd\u0027","startTime":1525676243955,"endTime":0,"childRecords":[],"interuppted":false}],"interuppted":false},{"index":4,"isIgnoredIfFailed":false,"type":"TEST_STEP","name":"click","message":"Object: \u0027Object Repository/LoginPage/button\u0027 is clicked on","description":"","startTime":1525676243956,"endTime":1525676244140,"childRecords":[{"testStatus":{"stackTrace":"","statusValue":"PASSED"},"type":"MESSAGE","name":"","message":"Object: \u0027Object Repository/LoginPage/button\u0027 is clicked on","startTime":1525676244139,"endTime":0,"childRecords":[],"interuppted":false}],"interuppted":false},{"index":5,"isIgnoredIfFailed":false,"type":"TEST_STEP","name":"verifyElementText","message":"Actual text and expected text of test object \u0027Object Repository/LoginPage/message\u0027 are matched.","description":"","startTime":1525676244140,"endTime":1525676244198,"childRecords":[{"testStatus":{"stackTrace":"","statusValue":"PASSED"},"type":"MESSAGE","name":"","message":"Actual text and expected text of test object \u0027Object Repository/LoginPage/message\u0027 are matched.","startTime":1525676244198,"endTime":0,"childRecords":[],"interuppted":false}],"interuppted":false},{"attachment":"1525676275142.png","index":6,"isIgnoredIfFailed":false,"type":"TEST_STEP","name":"verifyElementText","message":"Verify element text of test object \u0027Object Repository/LoginPage/message\u0027 FAILED. (Root cause: com.kms.katalon.core.webui.exception.WebElementNotFoundException: Web element with id: \u0027Object Repository/LoginPage/message\u0027 located by \u0027By.xpath: //div[@class\u003d\"form-detail\"]/span[2]\u0027 not found)","description":"","startTime":1525676244199,"endTime":1525676275500,"childRecords":[{"testStatus":{"stackTrace":"","statusValue":"FAILED"},"attachment":"1525676274807.png","type":"MESSAGE","name":"","message":"com.kms.katalon.core.webui.exception.WebElementNotFoundException: Web element with id: \u0027Object Repository/LoginPage/message\u0027 located by \u0027By.xpath: //div[@class\u003d\"form-detail\"]/span[2]\u0027 not found","startTime":1525676275141,"endTime":0,"childRecords":[],"interuppted":false},{"testStatus":{"stackTrace":"","statusValue":"FAILED"},"attachment":"1525676275142.png","type":"MESSAGE","name":"","message":"Verify element text of test object \u0027Object Repository/LoginPage/message\u0027 FAILED. (Root cause: com.kms.katalon.core.webui.exception.WebElementNotFoundException: Web element with id: \u0027Object Repository/LoginPage/message\u0027 located by \u0027By.xpath: //div[@class\u003d\"form-detail\"]/span[2]\u0027 not found)","startTime":1525676275499,"endTime":0,"childRecords":[],"interuppted":false}],"interuppted":false},{"testStatus":{"stackTrace":"","statusValue":"FAILED"},"type":"MESSAGE","name":"","message":"Test Cases/loginTest FAILED because (of) Verify element text of test object \u0027Object Repository/LoginPage/message\u0027 FAILED. (Root cause: com.kms.katalon.core.webui.exception.WebElementNotFoundException: Web element with id: \u0027Object Repository/LoginPage/message\u0027 located by \u0027By.xpath: //div[@class\u003d\"form-detail\"]/span[2]\u0027 not found)","startTime":1525676275500,"endTime":0,"childRecords":[],"interuppted":false},{"index":-1,"isIgnoredIfFailed":false,"type":"TEST_STEP","name":"Start listener action : sampleAfterTestCase","message":"Invoke \u0027com.kms.katalon.core.annotation.AfterTestCase\u0027 method: \u0027NewTestListener.sampleAfterTestCase(...)\u0027 completed.","description":"","startTime":1525676275501,"endTime":1525676275503,"childRecords":[{"index":1,"isIgnoredIfFailed":false,"type":"TEST_STEP","name":"Statement - println(testCaseContext.getTestCaseId())","description":"","startTime":1525676275501,"endTime":1525676275501,"childRecords":[],"interuppted":false},{"index":2,"isIgnoredIfFailed":false,"type":"TEST_STEP","name":"Statement - println(testCaseContext.getTestCaseStatus())","message":"Invoke \u0027com.kms.katalon.core.annotation.AfterTestCase\u0027 method: \u0027NewTestListener.sampleAfterTestCase(...)\u0027 completed.","description":"","startTime":1525676275502,"endTime":1525676275503,"childRecords":[],"interuppted":false}],"interuppted":false}],"interuppted":false},{"isOptional":false,"type":"TEST_CASE","name":"Test Cases/loginTest","id":"Test Cases/loginTest","source":"C:\\\\Users\\\\chengx\\\\Katalon Studio\\\\gaoyou\\\\Test Cases\\\\loginTest.tc","message":"Test Cases/loginTest FAILED because (of) Verify element text of test object \u0027Object Repository/LoginPage/message\u0027 FAILED. (Root cause: com.kms.katalon.core.webui.exception.WebElementNotFoundException: Web element with id: \u0027Object Repository/LoginPage/message\u0027 located by \u0027By.xpath: //div[@class\u003d\"form-detail\"]/span[2]\u0027 not found)","description":"","startTime":1525676275506,"endTime":1525676312388,"childRecords":[{"testStatus":{"stackTrace":"","statusValue":"INFO"},"type":"MESSAGE","name":"","message":"Evaluating variables for test case","startTime":1525676275510,"endTime":0,"childRecords":[],"interuppted":false},{"testStatus":{"stackTrace":"","statusValue":"INFO"},"type":"MESSAGE","name":"","message":"Variable \u0027username\u0027 is set to ","startTime":1525676275511,"endTime":0,"childRecords":[],"interuppted":false},{"testStatus":{"stackTrace":"","statusValue":"INFO"},"type":"MESSAGE","name":"","message":"Variable \u0027password\u0027 is set to 123456","startTime":1525676275511,"endTime":0,"childRecords":[],"interuppted":false},{"testStatus":{"stackTrace":"","statusValue":"INFO"},"type":"MESSAGE","name":"","message":"Variable \u0027message\u0027 is set to 请输入账户名","startTime":1525676275511,"endTime":0,"childRecords":[],"interuppted":false},{"index":1,"isIgnoredIfFailed":false,"type":"TEST_STEP","name":"openBrowser","message":"Browser is opened with url: \u0027http://10.17.5.113/#/login?redirect\u003d%2Fcontroller\u0027","description":"","startTime":1525676275513,"endTime":1525676280409,"childRecords":[{"testStatus":{"stackTrace":"","statusValue":"WARNING"},"type":"MESSAGE","name":"","message":"A browser is already opened. Closing browser and opening a new one","startTime":1525676275513,"endTime":0,"childRecords":[],"interuppted":false},{"testStatus":{"stackTrace":"","statusValue":"PASSED"},"type":"MESSAGE","name":"","message":"Browser is opened with url: \u0027http://10.17.5.113/#/login?redirect\u003d%2Fcontroller\u0027","startTime":1525676280408,"endTime":0,"childRecords":[],"interuppted":false}],"interuppted":false},{"index":2,"isIgnoredIfFailed":false,"type":"TEST_STEP","name":"setText","message":"Text \u0027\u0027 is set on object \u0027Object Repository/LoginPage/user\u0027","description":"","startTime":1525676280410,"endTime":1525676280817,"childRecords":[{"testStatus":{"stackTrace":"","statusValue":"PASSED"},"type":"MESSAGE","name":"","message":"Text \u0027\u0027 is set on object \u0027Object Repository/LoginPage/user\u0027","startTime":1525676280816,"endTime":0,"childRecords":[],"interuppted":false}],"interuppted":false},{"index":3,"isIgnoredIfFailed":false,"type":"TEST_STEP","name":"setText","message":"Text \u0027123456\u0027 is set on object \u0027Object Repository/LoginPage/pwd\u0027","description":"","startTime":1525676280817,"endTime":1525676280988,"childRecords":[{"testStatus":{"stackTrace":"","statusValue":"PASSED"},"type":"MESSAGE","name":"","message":"Text \u0027123456\u0027 is set on object \u0027Object Repository/LoginPage/pwd\u0027","startTime":1525676280988,"endTime":0,"childRecords":[],"interuppted":false}],"interuppted":false},{"index":4,"isIgnoredIfFailed":false,"type":"TEST_STEP","name":"click","message":"Object: \u0027Object Repository/LoginPage/button\u0027 is clicked on","description":"","startTime":1525676280989,"endTime":1525676281088,"childRecords":[{"testStatus":{"stackTrace":"","statusValue":"PASSED"},"type":"MESSAGE","name":"","message":"Object: \u0027Object Repository/LoginPage/button\u0027 is clicked on","startTime":1525676281087,"endTime":0,"childRecords":[],"interuppted":false}],"interuppted":false},{"index":5,"isIgnoredIfFailed":false,"type":"TEST_STEP","name":"verifyElementText","message":"Actual text and expected text of test object \u0027Object Repository/LoginPage/message\u0027 are matched.","description":"","startTime":1525676281088,"endTime":1525676281134,"childRecords":[{"testStatus":{"stackTrace":"","statusValue":"PASSED"},"type":"MESSAGE","name":"","message":"Actual text and expected text of test object \u0027Object Repository/LoginPage/message\u0027 are matched.","startTime":1525676281132,"endTime":0,"childRecords":[],"interuppted":false}],"interuppted":false},{"attachment":"1525676312075.png","index":6,"isIgnoredIfFailed":false,"type":"TEST_STEP","name":"verifyElementText","message":"Verify element text of test object \u0027Object Repository/LoginPage/message\u0027 FAILED. (Root cause: com.kms.katalon.core.webui.exception.WebElementNotFoundException: Web element with id: \u0027Object Repository/LoginPage/message\u0027 located by \u0027By.xpath: //div[@class\u003d\"form-detail\"]/span[2]\u0027 not found)","description":"","startTime":1525676281134,"endTime":1525676312381,"childRecords":[{"testStatus":{"stackTrace":"","statusValue":"FAILED"},"attachment":"1525676311741.png","type":"MESSAGE","name":"","message":"com.kms.katalon.core.webui.exception.WebElementNotFoundException: Web element with id: \u0027Object Repository/LoginPage/message\u0027 located by \u0027By.xpath: //div[@class\u003d\"form-detail\"]/span[2]\u0027 not found","startTime":1525676312074,"endTime":0,"childRecords":[],"interuppted":false},{"testStatus":{"stackTrace":"","statusValue":"FAILED"},"attachment":"1525676312075.png","type":"MESSAGE","name":"","message":"Verify element text of test object \u0027Object Repository/LoginPage/message\u0027 FAILED. (Root cause: com.kms.katalon.core.webui.exception.WebElementNotFoundException: Web element with id: \u0027Object Repository/LoginPage/message\u0027 located by \u0027By.xpath: //div[@class\u003d\"form-detail\"]/span[2]\u0027 not found)","startTime":1525676312380,"endTime":0,"childRecords":[],"interuppted":false}],"interuppted":false},{"testStatus":{"stackTrace":"","statusValue":"FAILED"},"type":"MESSAGE","name":"","message":"Test Cases/loginTest FAILED because (of) Verify element text of test object \u0027Object Repository/LoginPage/message\u0027 FAILED. (Root cause: com.kms.katalon.core.webui.exception.WebElementNotFoundException: Web element with id: \u0027Object Repository/LoginPage/message\u0027 located by \u0027By.xpath: //div[@class\u003d\"form-detail\"]/span[2]\u0027 not found)","startTime":1525676312381,"endTime":0,"childRecords":[],"interuppted":false},{"index":-1,"isIgnoredIfFailed":false,"type":"TEST_STEP","name":"Start listener action : sampleAfterTestCase","message":"Invoke \u0027com.kms.katalon.core.annotation.AfterTestCase\u0027 method: \u0027NewTestListener.sampleAfterTestCase(...)\u0027 completed.","description":"","startTime":1525676312382,"endTime":1525676312388,"childRecords":[{"index":1,"isIgnoredIfFailed":false,"type":"TEST_STEP","name":"Statement - println(testCaseContext.getTestCaseId())","description":"","startTime":1525676312383,"endTime":1525676312384,"childRecords":[],"interuppted":false},{"index":2,"isIgnoredIfFailed":false,"type":"TEST_STEP","name":"Statement - println(testCaseContext.getTestCaseStatus())","message":"Invoke \u0027com.kms.katalon.core.annotation.AfterTestCase\u0027 method: \u0027NewTestListener.sampleAfterTestCase(...)\u0027 completed.","description":"","startTime":1525676312384,"endTime":1525676312388,"childRecords":[],"interuppted":false}],"interuppted":false}],"interuppted":false}],"interuppted":false}